Dec 21 01:55 : exception: Failed to open '/home/razi/.config/mpd/state': No such file or directory
Dec 21 01:55 : update: added guitar/New Age Spanish Guitar Instrumental OMEGA REQUIEM - Al Marconi.mp3
Dec 21 01:55 : update: added guitar/Romantic Spanish Guitar ROUGE - Al Marconi.mp3
Dec 21 01:55 : update: added guitar/Midnight Bolero.mp3
Dec 21 01:55 : update: added guitar/Romantic Spanish Guitar INNOCENCE - Al Marconi.mp3
Dec 21 01:55 : update: added guitar/Hot Latin Guitar Music SEDUCTION - Al Marconi.mp3
Dec 21 01:55 : update: added guitar/Redemption.mp3
Dec 21 01:55 : update: added guitar/y2mate.com - World Fusion Spanish Guitar Music BLACK RAIN - Al Marconi.mp3
Dec 21 01:55 : update: added guitar/Don't Be Sad - Daveed.mp3
Dec 21 01:55 : update: added guitar/Daveed ~ Tango.mp3
Dec 21 01:55 : update: added mp3/Enya - Only Time (Official Music Video) ( 160kbps ).mp3
Dec 21 01:55 : update: added mp3/Alan Walker - New Day (Official Video) _New Song 2019_ ( 160kbps ).mp3
Dec 21 01:55 : update: added mp3/Daveed ~ Tango _ Irene Sheri - paintings.mp3
Dec 21 01:55 : update: added mp3/ZAYN, Zhavia Ward - A Whole New World (End Title) (From _Aladdin_).mp3
Dec 21 01:55 : update: added mp3/Evanescence - Whisper.mp3
Dec 21 01:55 : update: added mp3/Lena Katina - Never Forget (Official single).mp3
Dec 21 01:55 : update: added mp3/Evanescence - Hello.mp3
Dec 21 01:55 : update: added mp3/Arigatou~Kokia.mp3
Dec 21 01:55 : update: added mp3/Evanescence - Taking Over Me.mp3
[src/libmpg123/parse.c:1276] error: Giving up searching valid MPEG header after 65536 bytes of junk.
Dec 21 01:55 : mpg123: mpg123_getformat() failed: A generic mpg123 error.
Dec 21 01:55 : update: added mp3/Avenged Sevenfold - Unbound (The Wild Ride) [HMaOGWg0V1s].mp3
Dec 21 01:55 : update: added mp3/Saleum Rindu.mp3
Dec 21 01:55 : update: added mp3/Art of Silence - Dramatic _ Cinematic _No copyright, Royalty free_ ( 160kbps.mp3
Dec 21 01:55 : update: added mp3/Sonia - Kau sebut namaku.mp3
Dec 21 01:55 : update: added mp3/Diane Arkenstone _ Rhythm of the Forest _ ( 160kbps ).mp3
Dec 21 01:55 : update: added mp3/Eiffel 65 - I'm Blue (da ba dee) lyrics ( 160kbps ).mp3
Dec 21 01:55 : update: added mp3/Avenged Sevenfold - Afterlife [JcxB2ERYea4].m4a
Dec 21 01:55 : update: added mp3/Marshmello & Anne-Marie - FRIENDS (Lyric Video) _OFFICIAL FRIENDZONE ANTHEM_.mp3
Dec 21 01:55 : update: added mp3/Evanescence - Tourniquet.mp3
Dec 21 01:55 : update: added mp3/Iklim - Mimpi Yang Hilang.mp3
Dec 21 01:55 : update: added mp3/Ella - Sembilu.mp3
Dec 21 01:55 : update: added mp3/Fifth Harmony - Worth It (Official Video) ft. Kid Ink.mp3
Dec 21 01:55 : update: added mp3/The Mini Vandals - Echo Sclavi.mp3
Dec 21 01:55 : update: added mp3/YA ASYIQOL VERSI SABYAN.mp3
Dec 21 01:55 : update: added mp3/Stephen - Crossfire ( 160kbps ).mp3
Dec 21 01:55 : update: added mp3/Ace of Base - Beautiful Life (Official Music Video) ( 160kbps ).mp3
Dec 21 01:55 : update: added mp3/Vengaboys - We like to Party! (The Vengabus) ( 160kbps ).mp3
Dec 21 01:55 : update: added mp3/Do As Infinity _ 深い森（Fukai Mori）.mp3
[src/libmpg123/parse.c:1276] error: Giving up searching valid MPEG header after 65536 bytes of junk.
Dec 21 01:55 : mpg123: mpg123_getformat() failed: A generic mpg123 error.
Dec 21 01:55 : update: added mp3/Avenged Sevenfold - Gunslinger [4vwRjHHQQ4k].mp3
Dec 21 01:55 : update: added mp3/The Pussycat Dolls - Sway  -Official Music Video.mp3
Dec 21 01:55 : update: added mp3/iewan - Suratan Cinta Kita - Iwan.mp3
Dec 21 01:55 : update: added mp3/Asahan - Cinta Tasik Malaya HD.mp3
Dec 21 01:55 : update: added mp3/MISSING YOU - Anatani Aitakute.mp3
[src/libmpg123/parse.c:1276] error: Giving up searching valid MPEG header after 65536 bytes of junk.
Dec 21 01:55 : mpg123: mpg123_getformat() failed: A generic mpg123 error.
Dec 21 01:55 : update: added mp3/Avenged Sevenfold - Dear God [42m3e7YselY].mp3
Dec 21 01:55 : update: added mp3/Avenged Sevenfold - A Little Piece of Heaven [Y5ADeo_ZB2w].mp3
[src/libmpg123/parse.c:1276] error: Giving up searching valid MPEG header after 65536 bytes of junk.
Dec 21 01:55 : mpg123: mpg123_getformat() failed: A generic mpg123 error.
Dec 21 01:55 : update: added mp3/Avenged Sevenfold - Almost Easy [_ltir3dUO40].mp3
Dec 21 01:55 : update: added mp3/Avenged Sevenfold - Scream [_yrHtNv4LhY].mp3
Dec 21 01:55 : update: added mp3/Amy Search & Inka Christie - Nafas Cinta.mp3
Dec 21 01:55 : update: added mp3/Nostalgia (Original Lyrics Version).mp3
Dec 21 01:55 : update: added mp3/Duet Nike Ardilla dan Inka Christie - Tinggallah Kusendiri ( HQ Audio ).mp3
Dec 21 01:55 : update: added mp3/Dakishimete - Mayumi Itsuwa.mp3
Dec 21 01:55 : update: added mp3/Nirvana - Smells Like Teen Spirit ( 160kbps ).mp3
Dec 21 01:55 : update: added mp3/Apache13 - Meuneuba (Official Video).mp3
Dec 21 01:55 : update: added mp3/Law Kana Bainanal Habib (Versi Asli) Acoustic Qosidah Menyentuh Hati Sad Son.mp3
Dec 21 01:55 : update: added mp3/No Doubt - Don't Speak ( 160kbps ).mp3
Dec 21 01:55 : update: added mp3/Via Vallen - Selow (Official Music Video).mp3
Dec 21 01:55 : update: added mp3/What's Up--4 Non Blondes _Lyrics On Screen_ ( 160kbps ).mp3
Dec 21 01:55 : update: added mp3/Iwan - Sonia.mp3
Dec 21 01:55 : update: added mp3/Urban Lullaby - Jimmy Fontanez _ Doug Maxwell _ No Copyright Music _.mp3
Dec 21 01:55 : update: added mp3/Iklim - Aduhai Seribu Kali Sayang.mp3
Dec 21 01:55 : update: added mp3/Iklim - Satu Kesan Abadi.mp3
Dec 21 01:55 : update: added mp3/Rahmat - Hanya Segenggam Setia.mp3
Dec 21 01:55 : update: added mp3/Ella - Berlayar Tak Bertepian.mp3
Dec 21 01:55 : update: added mp3/Evanescence - Haunted.mp3
Dec 21 01:55 : update: added mp3/Evanescence - My Immortal.mp3
Dec 21 01:55 : update: added mp3/Anie Carera - Cintaku Tak Terbatas Waktu.mp3
Dec 21 01:55 : update: added mp3/Iwan - Siapa Benar Siapa Salah.mp3
Dec 21 01:55 : update: added mp3/Mystic Music Background _No Copyright - Royalty Free_ 👌 ( 128kbps ).mp3
Dec 21 01:55 : update: added mp3/Position Music - Oblivion (Epic Majestic Action Orchestral) ( 160kbps ).mp3
Dec 21 01:55 : update: added mp3/Robert Miles - Children _Dream Version_.mp3
Dec 21 01:55 : update: added mp3/Speak Softly, Love - Yao Si Ting _HQ_.mp3
Dec 21 01:55 : update: added mp3/The Macarons Project- Fly Me To The Moon (Lyrics) - rvimusic- COVER.mp3
[src/libmpg123/parse.c:1276] error: Giving up searching valid MPEG header after 65536 bytes of junk.
Dec 21 01:55 : mpg123: mpg123_getformat() failed: A generic mpg123 error.
Dec 21 01:55 : update: added mp3/Avenged Sevenfold - Brompton Cocktail [hwSMmWjMB0g].mp3
Dec 21 01:55 : update: added mp3/Britney Spears - (You Drive Me) Crazy ( 160kbps ).mp3
Dec 21 01:55 : update: added mp3/Evanescence - Everybodys Fool.mp3
Dec 21 01:55 : update: added mp3/Amy Search & Inka Christie - Jangan Pisahkan.mp3
Dec 21 01:55 : update: added mp3/084. Alsu - Ja tebja ne pridumala.mp3
Dec 21 01:55 : update: added mp3/Avenged Sevenfold - Lost [IA83_Gka8OA].mp3
Dec 21 01:55 : update: added mp3/Fabrizio Faniello - I´m in love ( 160kbps ).mp3
Dec 21 01:55 : update: added mp3/Gigi D'Agostino - L'Amour Toujours ( Official Video ) ( 160kbps ).mp3
Dec 21 01:55 : update: added mp3/Kina - Can We Kiss Forever_ (ft. Adriana Proenza).mp3
Dec 21 01:55 : update: added mp3/Kevin MacLeod ~ Scheming Weasel (faster version) ( 160kbps ).mp3
Dec 21 01:55 : update: added mp3/Everyday Normal Guy 2 ( 160kbps ).mp3
Dec 21 01:55 : update: added mp3/Tones And I - Dance Monkey (Lyrics).mp3
Dec 21 01:55 : update: added mp3/Алсу - Зимний сон.mp3
Dec 21 01:55 : update: added mp3/twenty one pilots_ Stressed Out _OFFICIAL VIDEO_.mp3
Dec 21 01:55 : update: added mp3/Iklim - Hakikat Sebuah Cinta.mp3
Dec 21 01:55 : update: added mp3/Nella Kharisma - Kau Tercipta Bukan Untukku (Official Music Video) ( 160kbps.mp3
Dec 21 01:55 : update: added mp3/Shalawat Tarhim.mp3
Dec 21 01:55 : update: added mp3/Historia De Un Amor (live) - Ksenya Nikora & Nikorason'g, compositor - Carlos Eleta Almarán.mp3
Dec 21 01:55 : update: added mp3/EYE - Satu Nama Tetap dihati (Lyrics).mp3
Dec 21 01:55 : update: added mp3/Echos - Revival ( 160kbps ).mp3
Dec 21 01:55 : update: added mp3/Beautiful Piano Music Vol.1 ~ Relaxing Music Mix for Studying & Sleeping ( 160kbps ).mp3
Dec 21 01:55 : update: added mp3/Liza Aulia - Seulayang _Album Kutidhieng_ - (Official Video).mp3
Dec 21 01:55 : update: added mp3/HD - Abd Rahman Muhammad - laukana Bainana (Andai.mp3
Dec 21 01:55 : update: added mp3/Red Hot Chili Peppers - Otherside _Official Music Video_ ( 160kbps ).mp3
[src/libmpg123/parse.c:1276] error: Giving up searching valid MPEG header after 65536 bytes of junk.
Dec 21 01:55 : mpg123: mpg123_getformat() failed: A generic mpg123 error.
Dec 21 01:55 : update: added mp3/Avenged Sevenfold - Critical Acclaim [kx8XmyPxfwY].mp3
Dec 21 01:55 : update: added mp3/Alan Walker vs Coldplay - Hymn for the Weekend _Remix_ Animation HD ( 160kbp.mp3
Dec 21 01:55 : update: added mp3/Anie Carera - Cintaku Takkan Berubah.mp3
Dec 21 01:58 : exception: Failed to read mixer for 'Alsa Audio': no such mixer control: PCM
Dec 21 01:59 : exception: Failed to open mixer for 'Alsa Audio': no such mixer control: PCM
Dec 21 02:01 : exception: Failed to open mixer for 'Alsa Audio': no such mixer control: PCM
Dec 21 02:03 : alsa_output: Decoder is too slow; playing silence to avoid xrun
Dec 21 02:03 : player: played "guitar/Daveed ~ Tango.mp3"
Dec 21 02:10 : exception: Failed to open mixer for 'Alsa Audio': no such mixer control: PCM
Dec 21 02:13 : exception: Failed to open mixer for 'Alsa Audio': no such mixer control: PCM
Dec 21 02:17 : player: played "guitar/Daveed ~ Tango.mp3"
Dec 21 02:18 : exception: Failed to read mixer for 'ALSA sound card': no such mixer control: PCM
Dec 21 02:22 : player: played "guitar/Daveed ~ Tango.mp3"
Dec 21 02:24 : exception: Failed to read mixer for 'ALSA sound card': no such mixer control: PCM
Dec 21 02:24 : exception: Failed to open mixer for 'ALSA sound card': no such mixer control: PCM
Dec 21 02:24 : exception: Failed to open mixer for 'ALSA sound card': no such mixer control: PCM
Dec 21 02:29 : player: played "guitar/y2mate.com - World Fusion Spanish Guitar Music BLACK RAIN - Al Marconi.mp3"
Dec 21 02:32 : exception: Failed to open mixer for 'ALSA sound card': no such mixer control: PCM
Dec 21 02:33 : player: played "guitar/y2mate.com - World Fusion Spanish Guitar Music BLACK RAIN - Al Marconi.mp3"
Dec 21 02:33 : exception: Failed to read mixer for 'ALSA sound card': no such mixer control: PCM
Dec 21 02:33 : exception: Failed to open "ALSA sound card" (alsa); Failed to open ALSA device "hw:0": No such file or directory
Dec 21 02:34 : exception: Failed to open "ALSA sound card" (alsa); Failed to open ALSA device "hw:0": No such file or directory
Dec 21 02:34 : player: played "guitar/y2mate.com - World Fusion Spanish Guitar Music BLACK RAIN - Al Marconi.mp3"
Dec 21 02:34 : exception: Failed to open mixer for 'ALSA sound card': no such mixer control: PCM
Dec 21 02:34 : exception: Failed to open mixer for 'ALSA sound card': no such mixer control: PCM
Dec 21 02:35 : player: played "guitar/y2mate.com - World Fusion Spanish Guitar Music BLACK RAIN - Al Marconi.mp3"
Dec 21 02:36 : player: played "guitar/y2mate.com - World Fusion Spanish Guitar Music BLACK RAIN - Al Marconi.mp3"
Dec 21 02:44 : player: played "guitar/y2mate.com - World Fusion Spanish Guitar Music BLACK RAIN - Al Marconi.mp3"
Dec 21 02:49 : player: played "guitar/y2mate.com - World Fusion Spanish Guitar Music BLACK RAIN - Al Marconi.mp3"
Dec 21 02:54 : player: played "guitar/Romantic Spanish Guitar INNOCENCE - Al Marconi.mp3"
Dec 21 03:00 : player: played "guitar/New Age Spanish Guitar Instrumental OMEGA REQUIEM - Al Marconi.mp3"
Dec 21 03:05 : player: played "guitar/y2mate.com - World Fusion Spanish Guitar Music BLACK RAIN - Al Marconi.mp3"
Dec 21 17:39 : player: played "guitar/y2mate.com - World Fusion Spanish Guitar Music BLACK RAIN - Al Marconi.mp3"
Dec 21 17:44 : player: played "guitar/Midnight Bolero.mp3"
Dec 21 17:49 : player: played "guitar/Hot Latin Guitar Music SEDUCTION - Al Marconi.mp3"
Dec 21 17:54 : player: played "guitar/New Age Spanish Guitar Instrumental OMEGA REQUIEM - Al Marconi.mp3"
Dec 21 17:59 : player: played "guitar/Don't Be Sad - Daveed.mp3"
Dec 21 18:04 : player: played "guitar/Romantic Spanish Guitar ROUGE - Al Marconi.mp3"
Dec 21 18:10 : player: played "guitar/Redemption.mp3"
Dec 21 18:14 : player: played "guitar/Daveed ~ Tango.mp3"
Dec 21 18:19 : player: played "guitar/Romantic Spanish Guitar INNOCENCE - Al Marconi.mp3"
Dec 21 18:23 : player: played "guitar/y2mate.com - World Fusion Spanish Guitar Music BLACK RAIN - Al Marconi.mp3"
Dec 21 20:03 : player: played "guitar/Don't Be Sad - Daveed.mp3"
Dec 22 02:42 : player: played "guitar/y2mate.com - World Fusion Spanish Guitar Music BLACK RAIN - Al Marconi.mp3"
Dec 22 07:56 : player: played "guitar/y2mate.com - World Fusion Spanish Guitar Music BLACK RAIN - Al Marconi.mp3"
Dec 25 21:04 : player: played "guitar/Don't Be Sad - Daveed.mp3"
Jan 03 01:11 : player: played "guitar/Don't Be Sad - Daveed.mp3"
Jan 03 01:15 : player: played "guitar/Daveed ~ Tango.mp3"
Jan 03 01:20 : player: played "guitar/y2mate.com - World Fusion Spanish Guitar Music BLACK RAIN - Al Marconi.mp3"
Jan 03 01:25 : player: played "guitar/Midnight Bolero.mp3"
Jan 03 01:46 : player: played "guitar/y2mate.com - World Fusion Spanish Guitar Music BLACK RAIN - Al Marconi.mp3"
Jan 03 01:52 : player: played "guitar/New Age Spanish Guitar Instrumental OMEGA REQUIEM - Al Marconi.mp3"
Jan 03 01:57 : player: played "guitar/Hot Latin Guitar Music SEDUCTION - Al Marconi.mp3"
Jan 03 02:02 : player: played "guitar/Romantic Spanish Guitar ROUGE - Al Marconi.mp3"
Jan 03 02:06 : player: played "guitar/Romantic Spanish Guitar INNOCENCE - Al Marconi.mp3"
Jan 03 02:11 : player: played "guitar/y2mate.com - World Fusion Spanish Guitar Music BLACK RAIN - Al Marconi.mp3"
Jan 03 02:15 : player: played "guitar/Hot Latin Guitar Music SEDUCTION - Al Marconi.mp3"
Jan 03 02:30 : player: played "guitar/Romantic Spanish Guitar INNOCENCE - Al Marconi.mp3"
Jan 03 02:47 : player: played "guitar/y2mate.com - World Fusion Spanish Guitar Music BLACK RAIN - Al Marconi.mp3"
Jan 03 02:52 : player: played "guitar/Don't Be Sad - Daveed.mp3"
Jan 03 02:57 : player: played "guitar/Romantic Spanish Guitar ROUGE - Al Marconi.mp3"
Jan 03 03:03 : player: played "guitar/Redemption.mp3"
Jan 03 03:07 : player: played "guitar/Daveed ~ Tango.mp3"
Jan 03 03:12 : player: played "guitar/Hot Latin Guitar Music SEDUCTION - Al Marconi.mp3"
Jan 03 03:15 : player: played "guitar/Midnight Bolero.mp3"
Jan 19 01:43 : player: played "guitar/New Age Spanish Guitar Instrumental OMEGA REQUIEM - Al Marconi.mp3"
Jan 19 01:48 : player: played "guitar/Don't Be Sad - Daveed.mp3"
Jan 19 01:53 : player: played "guitar/Romantic Spanish Guitar ROUGE - Al Marconi.mp3"
Jan 19 01:58 : player: played "guitar/Hot Latin Guitar Music SEDUCTION - Al Marconi.mp3"
Jan 19 02:02 : player: played "guitar/Daveed ~ Tango.mp3"
Jan 19 02:08 : player: played "guitar/Redemption.mp3"
Jan 19 02:12 : player: played "guitar/y2mate.com - World Fusion Spanish Guitar Music BLACK RAIN - Al Marconi.mp3"
Jan 19 02:17 : player: played "guitar/Romantic Spanish Guitar INNOCENCE - Al Marconi.mp3"
Jan 19 02:22 : player: played "guitar/Midnight Bolero.mp3"
Jan 19 02:26 : player: played "guitar/Daveed ~ Tango.mp3"
Jan 19 02:32 : player: played "guitar/Redemption.mp3"
Jan 19 02:37 : player: played "guitar/Romantic Spanish Guitar ROUGE - Al Marconi.mp3"
Jan 19 02:41 : player: played "guitar/Romantic Spanish Guitar INNOCENCE - Al Marconi.mp3"
Jan 19 02:46 : player: played "guitar/y2mate.com - World Fusion Spanish Guitar Music BLACK RAIN - Al Marconi.mp3"
Jan 19 02:51 : player: played "guitar/Don't Be Sad - Daveed.mp3"
Jan 19 02:52 : player: played "guitar/Hot Latin Guitar Music SEDUCTION - Al Marconi.mp3"
